trader-api-prod  | 2025-10-01T20:23:10: {"timestamp": "2025-10-01T23:23:10.898968Z", "level": "WARNING", "logger": "src.infrastructure.workers.mt5_distributed_sync_worker", "message": "[worker-3-1759360981] Circuit breaker open, waiting...", "module": "mt5_distributed_sync_worker", "function": "_queue_processor", "line": 178, "thread": 10316, "process": 25492}                                  4|metatrader-api-prod  | 2025-10-01T20:23:24: [AUTH] get_current_user called with credentials: True                                   4|metatrader-api-prod  | 2025-10-01T20:23:24: [AUTH] Token received (first 20 chars): eyJhbGciOiJIUzI1NiIs...                         4|metatrader-api-prod  | 2025-10-01T20:23:24: [AUTH] Attempting to decode token (Supabase format)...                                  4|metatrader-api-prod  | 2025-10-01T20:23:24: [AUTH] Detected Supabase token - validating with Supabase                               4|metatrader-api-prod  | 2025-10-01T20:23:24: [AUTH] Supabase User: tytfacundoomar@gmail.com (ID: 7a5a56a9-c71d-48d0-b66a-400de84b829b)                                                                                                                                     4|metatrader-api-prod  | 2025-10-01T20:23:24: [AUTH] Supabase authentication successful for tytfacundoomar@gmail.com                  4|metatrader-api-prod  | 2025-10-01T20:23:24: [AUTH] get_current_user called with credentials: True                                   4|metatrader-api-prod  | 2025-10-01T20:23:24: [AUTH] Token received (first 20 chars): eyJhbGciOiJIUzI1NiIs...                         4|metatrader-api-prod  | 2025-10-01T20:23:24: [AUTH] Attempting to decode token (Supabase format)...                                  4|metatrader-api-prod  | 2025-10-01T20:23:24: [AUTH] Detected Supabase token - validating with Supabase                               4|metatrader-api-prod  | 2025-10-01T20:23:24: [AUTH] Supabase User: tytfacundoomar@gmail.com (ID: 7a5a56a9-c71d-48d0-b66a-400de84b829b)                                                                                                                                     4|metatrader-api-prod  | 2025-10-01T20:23:24: [AUTH] Supabase authentication successful for tytfacundoomar@gmail.com                  4|metatrader-api-prod  | 2025-10-01T20:23:24: [AUTH] get_current_user called with credentials: True                                   4|metatrader-api-prod  | 2025-10-01T20:23:24:                                                                                         4|metatrader-api-prod  | 2025-10-01T20:23:24: [AUTH] Token received (first 20 chars): eyJhbGciOiJIUzI1NiIs...                         4|metatrader-api-prod  | 2025-10-01T20:23:24: [AUTH] Attempting to decode token (Supabase format)...                                  4|metatrader-api-prod  | 2025-10-01T20:23:24: [AUTH] Detected Supabase token - validating with Supabase                               4|metatrader-api-prod  | 2025-10-01T20:23:24: [AUTH] Supabase User: tytfacundoomar@gmail.com (ID: 7a5a56a9-c71d-48d0-b66a-400de84b829b)                                                                                                                                     4|metatrader-api-prod  | 2025-10-01T20:23:24: [AUTH] Supabase authentication successful for tytfacundoomar@gmail.com                  4|metatrader-api-prod  | 2025-10-01T20:23:25: {"timestamp": "2025-10-01T23:23:25.176991Z", "level": "INFO", "logger": "httpx", "message": "HTTP Request: GET http://localhost:8080/api/v1/copy/portfolio \"HTTP/1.1 200 OK\"", "module": "_client", "function": "_send_single_request", "line": 1740, "thread": 10316, "process": 25492}                                                                          4|metatrader-api-prod  | 2025-10-01T20:23:25: INFO:     181.89.223.158:0 - "GET /api/v1/copy/portfolio HTTP/1.1" 200 OK               4|metatrader-api-prod  | 2025-10-01T20:23:25: {"timestamp": "2025-10-01T23:23:25.296966Z", "level": "INFO", "logger": "httpx", "message": "HTTP Request: GET http://localhost:8080/api/v1/copy/subscriptions \"HTTP/1.1 200 OK\"", "module": "_client", "function": "_send_single_request", "line": 1740, "thread": 10316, "process": 25492}                                                                      4|metatrader-api-prod  | 2025-10-01T20:23:25: {"timestamp": "2025-10-01T23:23:25.300047Z", "level": "INFO", "logger": "httpx", "message": "HTTP Request: GET http://localhost:8080/api/v1/copy/masters \"HTTP/1.1 200 OK\"", "module": "_client", "function": "_send_single_request", "line": 1740, "thread": 10316, "process": 25492}                                                                            4|metatrader-api-prod  | 2025-10-01T20:23:25: INFO:     181.89.223.158:0 - "GET /api/v1/copy/subscriptions HTTP/1.1" 200 OK           4|metatrader-api-prod  | 2025-10-01T20:23:25: INFO:     181.89.223.158:0 - "GET /api/v1/copy/masters HTTP/1.1" 200 OK                 4|metatrader-api-prod  | 2025-10-01T20:23:31: [AUTH] get_current_user called with credentials: True                                   4|metatrader-api-prod  | 2025-10-01T20:23:31: [AUTH] Token received (first 20 chars): eyJhbGciOiJIUzI1NiIs...                         4|metatrader-api-prod  | 2025-10-01T20:23:31: [AUTH] Attempting to decode token (Supabase format)...                                  4|metatrader-api-prod  | 2025-10-01T20:23:31: [AUTH] Detected Supabase token - validating with Supabase                               4|metatrader-api-prod  | 2025-10-01T20:23:31: [AUTH] Supabase User: tytfacundoomar@gmail.com (ID: 7a5a56a9-c71d-48d0-b66a-400de84b829b)                                                                                                                                     4|metatrader-api-prod  | 2025-10-01T20:23:31: [AUTH] Supabase authentication successful for tytfacundoomar@gmail.com                  4|metatrader-api-prod  | 2025-10-01T20:23:32: --- Logging error ---                                                                   4|metatrader-api-prod  | 2025-10-01T20:23:32: Traceback (most recent call last):                                                      4|metatrader-api-prod  | 2025-10-01T20:23:32:   File "C:\Users\Administrator\Desktop\metatrader-api-v2\metatrader-api-v2\venv\Lib\site-packages\anyio\streams\memory.py", line 98, in receive                                                                               4|metatrader-api-prod  | 2025-10-01T20:23:32:     return self.receive_nowait()                                                        4|metatrader-api-prod  | 2025-10-01T20:23:32:            ^^^^^^^^^^^^^^^^^^^^^                                                        4|metatrader-api-prod  | 2025-10-01T20:23:32:   File "C:\Users\Administrator\Desktop\metatrader-api-v2\metatrader-api-v2\venv\Lib\site-packages\anyio\streams\memory.py", line 93, in receive_nowait                                                                        4|metatrader-api-prod  | 2025-10-01T20:23:32:     raise WouldBlock                                                                    4|metatrader-api-prod  | 2025-10-01T20:23:32: anyio.WouldBlock                                                                        4|metatrader-api-prod  | 2025-10-01T20:23:32:                                                                                         4|metatrader-api-prod  | 2025-10-01T20:23:32: During handling of the above exception, another exception occurred:                     4|metatrader-api-prod  | 2025-10-01T20:23:32:                                                                                         4|metatrader-api-prod  | 2025-10-01T20:23:32: Traceback (most recent call last):                                                      4|metatrader-api-prod  | 2025-10-01T20:23:32:   File "C:\Users\Administrator\Desktop\metatrader-api-v2\metatrader-api-v2\venv\Lib\site-packages\starlette\middleware\base.py", line 78, in call_next                                                                        4|metatrader-api-prod  | 2025-10-01T20:23:32:     message = await recv_stream.receive()                                               4|metatrader-api-prod  | 2025-10-01T20:23:32:               ^^^^^^^^^^^^^^^^^^^^^^^^^^^                                               4|metatrader-api-prod  | 2025-10-01T20:23:32:   File "C:\Users\Administrator\Desktop\metatrader-api-v2\metatrader-api-v2\venv\Lib\site-packages\anyio\streams\memory.py", line 118, in receive                                                                              4|metatrader-api-prod  | 2025-10-01T20:23:32:     raise EndOfStream                                                                   4|metatrader-api-prod  | 2025-10-01T20:23:32: anyio.EndOfStream                                                                       4|metatrader-api-prod  | 2025-10-01T20:23:32:                                                                                         4|metatrader-api-prod  | 2025-10-01T20:23:32: During handling of the above exception, another exception occurred:                     4|metatrader-api-prod  | 2025-10-01T20:23:32:                                                                                         4|metatrader-api-prod  | 2025-10-01T20:23:32: Traceback (most recent call last):                                                      4|metatrader-api-prod  | 2025-10-01T20:23:32:   File "C:\Users\Administrator\Desktop\metatrader-api-v2\metatrader-api-v2\venv\Lib\site-packages\starlette\middleware\errors.py", line 162, in __call__                                                                      4|metatrader-api-prod  | 2025-10-01T20:23:32:     await self.app(scope, receive, _send)                                               4|metatrader-api-prod  | 2025-10-01T20:23:32:   File "C:\Users\Administrator\Desktop\metatrader-api-v2\metatrader-api-v2\venv\Lib\site-packages\starlette\middleware\gzip.py", line 24, in __call__                                                                         4|metatrader-api-prod  | 2025-10-01T20:23:32:     await responder(scope, receive, send)                                               4|metatrader-api-prod  | 2025-10-01T20:23:32:   File "C:\Users\Administrator\Desktop\metatrader-api-v2\metatrader-api-v2\venv\Lib\site-packages\starlette\middleware\gzip.py", line 44, in __call__                                                                         4|metatrader-api-prod  | 2025-10-01T20:23:32:     await self.app(scope, receive, self.send_with_gzip)                                 4|metatrader-api-prod  | 2025-10-01T20:23:32:   File "C:\Users\Administrator\Desktop\metatrader-api-v2\metatrader-api-v2\venv\Lib\site-packages\starlette\middleware\base.py", line 108, in __call__                                                                        4|metatrader-api-prod  | 2025-10-01T20:23:32:     response = await self.dispatch_func(request, call_next)                             4|metatrader-api-prod  | 2025-10-01T20:23:32:                ^^^^^^^^^^^^^^^^^^^^^^^^^^^^^^^^^^^^^^^^^^^^                             4|metatrader-api-prod  | 2025-10-01T20:23:32:   File "C:\Users\Administrator\Desktop\metatrader-api-v2\metatrader-api-v2\src\infrastructure\middleware\security.py", line 272, in dispatch                                                                                  4|metatrader-api-prod  | 2025-10-01T20:23:32:     response = await call_next(request)                                                 4|metatrader-api-prod  | 2025-10-01T20:23:32:                ^^^^^^^^^^^^^^^^^^^^^^^^                                                 4|metatrader-api-prod  | 2025-10-01T20:23:32:   File "C:\Users\Administrator\Desktop\metatrader-api-v2\metatrader-api-v2\venv\Lib\site-packages\starlette\middleware\base.py", line 84, in call_next                                                                        4|metatrader-api-prod  | 2025-10-01T20:23:32:     raise app_exc                                                                       4|metatrader-api-prod  | 2025-10-01T20:23:32:   File "C:\Users\Administrator\Desktop\metatrader-api-v2\metatrader-api-v2\venv\Lib\site-packages\starlette\middleware\base.py", line 70, in coro                                                                             4|metatrader-api-prod  | 2025-10-01T20:23:32:     await self.app(scope, receive_or_disconnect, send_no_error)                         4|metatrader-api-prod  | 2025-10-01T20:23:32:   File "C:\Users\Administrator\Desktop\metatrader-api-v2\metatrader-api-v2\venv\Lib\site-packages\starlette\middleware\base.py", line 108, in __call__                                                                        4|metatrader-api-prod  | 2025-10-01T20:23:32:     response = await self.dispatch_func(request, call_next)                             4|metatrader-api-prod  | 2025-10-01T20:23:32:                ^^^^^^^^^^^^^^^^^^^^^^^^^^^^^^^^^^^^^^^^^^^^                             4|metatrader-api-prod  | 2025-10-01T20:23:32:   File "C:\Users\Administrator\Desktop\metatrader-api-v2\metatrader-api-v2\src\infrastructure\middleware\security.py", line 38, in dispatch                                                                                   4|metatrader-api-prod  | 2025-10-01T20:23:32:     response = await call_next(request)                                                 4|metatrader-api-prod  | 2025-10-01T20:23:32:                ^^^^^^^^^^^^^^^^^^^^^^^^                                                 4|metatrader-api-prod  | 2025-10-01T20:23:32:   File "C:\Users\Administrator\Desktop\metatrader-api-v2\metatrader-api-v2\venv\Lib\site-packages\starlette\middleware\base.py", line 84, in call_next                                                                        4|metatrader-api-prod  | 2025-10-01T20:23:32:     raise app_exc                                                                       4|metatrader-api-prod  | 2025-10-01T20:23:32:   File "C:\Users\Administrator\Desktop\metatrader-api-v2\metatrader-api-v2\venv\Lib\site-packages\starlette\middleware\base.py", line 70, in coro                                                                             4|metatrader-api-prod  | 2025-10-01T20:23:32:     await self.app(scope, receive_or_disconnect, send_no_error)                         4|metatrader-api-prod  | 2025-10-01T20:23:32:   File "C:\Users\Administrator\Desktop\metatrader-api-v2\metatrader-api-v2\venv\Lib\site-packages\starlette\middleware\cors.py", line 91, in __call__                                                                         4|metatrader-api-prod  | 2025-10-01T20:23:32:     await self.simple_response(scope, receive, send, request_headers=headers)           4|metatrader-api-prod  | 2025-10-01T20:23:32:   File "C:\Users\Administrator\Desktop\metatrader-api-v2\metatrader-api-v2\venv\Lib\site-packages\starlette\middleware\cors.py", line 146, in simple_response                                                                 4|metatrader-api-prod  | 2025-10-01T20:23:32:     await self.app(scope, receive, send)                                                4|metatrader-api-prod  | 2025-10-01T20:23:32:   File "C:\Users\Administrator\Desktop\metatrader-api-v2\metatrader-api-v2\venv\Lib\site-packages\starlette\middleware\base.py", line 108, in __call__                                                                        4|metatrader-api-prod  | 2025-10-01T20:23:32:     response = await self.dispatch_func(request, call_next)                             4|metatrader-api-prod  | 2025-10-01T20:23:32:                ^^^^^^^^^^^^^^^^^^^^^^^^^^^^^^^^^^^^^^^^^^^^                             4|metatrader-api-prod  | 2025-10-01T20:23:32:   File "C:\Users\Administrator\Desktop\metatrader-api-v2\metatrader-api-v2\src\infrastructure\middleware\security_enhanced.py", line 213, in dispatch                                                                         4|metatrader-api-prod  | 2025-10-01T20:23:32:     response = await call_next(request)                                                 4|metatrader-api-prod  | 2025-10-01T20:23:32:                ^^^^^^^^^^^^^^^^^^^^^^^^                                                 4|metatrader-api-prod  | 2025-10-01T20:23:32:   File "C:\Users\Administrator\Desktop\metatrader-api-v2\metatrader-api-v2\venv\Lib\site-packages\starlette\middleware\base.py", line 84, in call_next                                                                        4|metatrader-api-prod  | 2025-10-01T20:23:32:     raise app_exc                                                                       4|metatrader-api-prod  | 2025-10-01T20:23:32:   File "C:\Users\Administrator\Desktop\metatrader-api-v2\metatrader-api-v2\venv\Lib\site-packages\starlette\middleware\base.py", line 70, in coro                                                                             4|metatrader-api-prod  | 2025-10-01T20:23:32:     await self.app(scope, receive_or_disconnect, send_no_error)                         4|metatrader-api-prod  | 2025-10-01T20:23:32:   File "C:\Users\Administrator\Desktop\metatrader-api-v2\metatrader-api-v2\venv\Lib\site-packages\starlette\middleware\base.py", line 108, in __call__                                                                        4|metatrader-api-prod  | 2025-10-01T20:23:32:     response = await self.dispatch_func(request, call_next)                             4|metatrader-api-prod  | 2025-10-01T20:23:32:                ^^^^^^^^^^^^^^^^^^^^^^^^^^^^^^^^^^^^^^^^^^^^                             4|metatrader-api-prod  | 2025-10-01T20:23:32:   File "C:\Users\Administrator\Desktop\metatrader-api-v2\metatrader-api-v2\src\infrastructure\middleware\security_enhanced.py", line 88, in dispatch                                                                          4|metatrader-api-prod  | 2025-10-01T20:23:32:     return await call_next(request)                                                     4|metatrader-api-prod  | 2025-10-01T20:23:32:            ^^^^^^^^^^^^^^^^^^^^^^^^                                                     4|metatrader-api-prod  | 2025-10-01T20:23:32:   File "C:\Users\Administrator\Desktop\metatrader-api-v2\metatrader-api-v2\venv\Lib\site-packages\starlette\middleware\base.py", line 84, in call_next                                                                        4|metatrader-api-prod  | 2025-10-01T20:23:32:     raise app_exc                                                                       4|metatrader-api-prod  | 2025-10-01T20:23:32:   File "C:\Users\Administrator\Desktop\metatrader-api-v2\metatrader-api-v2\venv\Lib\site-packages\starlette\middleware\base.py", line 70, in coro                                                                             4|metatrader-api-prod  | 2025-10-01T20:23:32:     await self.app(scope, receive_or_disconnect, send_no_error)                         4|metatrader-api-prod  | 2025-10-01T20:23:32:   File "C:\Users\Administrator\Desktop\metatrader-api-v2\metatrader-api-v2\venv\Lib\site-packages\starlette\middleware\exceptions.py", line 79, in __call__                                                                   4|metatrader-api-prod  | 2025-10-01T20:23:32:     raise exc                                                                           4|metatrader-api-prod  | 2025-10-01T20:23:32:   File "C:\Users\Administrator\Desktop\metatrader-api-v2\metatrader-api-v2\venv\Lib\site-packages\starlette\middleware\exceptions.py", line 68, in __call__                                                                   4|metatrader-api-prod  | 2025-10-01T20:23:32:     await self.app(scope, receive, sender)                                              4|metatrader-api-prod  | 2025-10-01T20:23:32:   File "C:\Users\Administrator\Desktop\metatrader-api-v2\metatrader-api-v2\venv\Lib\site-packages\fastapi\middleware\asyncexitstack.py", line 20, in __call__                                                                 4|metatrader-api-prod  | 2025-10-01T20:23:32:     raise e                                                                             4|metatrader-api-prod  | 2025-10-01T20:23:32:   File "C:\Users\Administrator\Desktop\metatrader-api-v2\metatrader-api-v2\venv\Lib\site-packages\fastapi\middleware\asyncexitstack.py", line 17, in __call__                                                                 4|metatrader-api-prod  | 2025-10-01T20:23:32:     await self.app(scope, receive, send)                                                4|metatrader-api-prod  | 2025-10-01T20:23:32:   File "C:\Users\Administrator\Desktop\metatrader-api-v2\metatrader-api-v2\venv\Lib\site-packages\starlette\routing.py", line 718, in __call__                                                                                4|metatrader-api-prod  | 2025-10-01T20:23:32:     await route.handle(scope, receive, send)                                            4|metatrader-api-prod  | 2025-10-01T20:23:32:   File "C:\Users\Administrator\Desktop\metatrader-api-v2\metatrader-api-v2\venv\Lib\site-packages\starlette\routing.py", line 276, in handle                                                                                  4|metatrader-api-prod  | 2025-10-01T20:23:32:     await self.app(scope, receive, send)                                                4|metatrader-api-prod  | 2025-10-01T20:23:32:   File "C:\Users\Administrator\Desktop\metatrader-api-v2\metatrader-api-v2\venv\Lib\site-packages\starlette\routing.py", line 66, in app                                                                                      4|metatrader-api-prod  | 2025-10-01T20:23:32:     response = await func(request)                                                      4|metatrader-api-prod  | 2025-10-01T20:23:32:                ^^^^^^^^^^^^^^^^^^^                                                      4|metatrader-api-prod  | 2025-10-01T20:23:32:   File "C:\Users\Administrator\Desktop\metatrader-api-v2\metatrader-api-v2\venv\Lib\site-packages\fastapi\routing.py", line 274, in app                                                                                       4|metatrader-api-prod  | 2025-10-01T20:23:32:     raw_response = await run_endpoint_function(                                         4|metatrader-api-prod  | 2025-10-01T20:23:32:                    ^^^^^^^^^^^^^^^^^^^^^^^^^^^^                                         4|metatrader-api-prod  | 2025-10-01T20:23:32:   File "C:\Users\Administrator\Desktop\metatrader-api-v2\metatrader-api-v2\venv\Lib\site-packages\fastapi\routing.py", line 191, in run_endpoint_function                                                                     4|metatrader-api-prod  | 2025-10-01T20:23:32:     return await dependant.call(**values)                                               4|metatrader-api-prod  | 2025-10-01T20:23:32:            ^^^^^^^^^^^^^^^^^^^^^^^^^^^^^^                                               4|metatrader-api-prod  | 2025-10-01T20:23:32:   File "C:\Users\Administrator\Desktop\metatrader-api-v2\metatrader-api-v2\src\application\api\proxy_copypamm.py", line 63, in proxy_follow_master                                                                            4|metatrader-api-prod  | 2025-10-01T20:23:32:     print(f"\U0001f50d PROXY - Received body: {body}")                                  4|metatrader-api-prod  | 2025-10-01T20:23:32:   File "C:\Users\Administrator\AppData\Local\Programs\Python\Python311\Lib\encodings\cp1252.py", line 19, in encode                                                                                                           4|metatrader-api-prod  | 2025-10-01T20:23:32:     return codecs.charmap_encode(input,self.errors,encoding_table)[0]                   4|metatrader-api-prod  | 2025-10-01T20:23:32:            ^^^^^^^^^^^^^^^^^^^^^^^^^^^^^^^^^^^^^^^^^^^^^^^^^^^^^^^                      4|metatrader-api-prod  | 2025-10-01T20:23:32: UnicodeEncodeError: 'charmap' codec can't encode character '\U0001f50d' in position 0: character maps to <undefined>                                                                                                          4|metatrader-api-prod  | 2025-10-01T20:23:32:                                                                                         4|metatrader-api-prod  | 2025-10-01T20:23:32: During handling of the above exception, another exception occurred:                     4|metatrader-api-prod  | 2025-10-01T20:23:32:                                                                                         4|metatrader-api-prod  | 2025-10-01T20:23:32: Traceback (most recent call last):                                                      4|metatrader-api-prod  | 2025-10-01T20:23:32:   File "C:\Users\Administrator\AppData\Local\Programs\Python\Python311\Lib\logging\__init__.py", line 1113, in emit                                                                                                           4|metatrader-api-prod  | 2025-10-01T20:23:32:     stream.write(msg + self.terminator)                                                 4|metatrader-api-prod  | 2025-10-01T20:23:32:   File "C:\Users\Administrator\AppData\Local\Programs\Python\Python311\Lib\encodings\cp1252.py", line 19, in encode                                                                                                           4|metatrader-api-prod  | 2025-10-01T20:23:32:     return codecs.charmap_encode(input,self.errors,encoding_table)[0]                   4|metatrader-api-prod  | 2025-10-01T20:23:32:            ^^^^^^^^^^^^^^^^^^^^^^^^^^^^^^^^^^^^^^^^^^^^^^^^^^^^^^^                      4|metatrader-api-prod  | 2025-10-01T20:23:32: UnicodeEncodeError: 'charmap' codec can't encode character '\U0001f50d' in position 8674: character maps to <undefined>                                                                                                       4|metatrader-api-prod  | 2025-10-01T20:23:32: Call stack:                                                                             4|metatrader-api-prod  | 2025-10-01T20:23:32:   File "C:\Users\Administrator\Desktop\metatrader-api-v2\metatrader-api-v2\start_enterprise_api.py", line 36, in <module>                                                                                                     4|metatrader-api-prod  | 2025-10-01T20:23:32:     uvicorn.run(                                                                        4|metatrader-api-prod  | 2025-10-01T20:23:32:   File "C:\Users\Administrator\Desktop\metatrader-api-v2\metatrader-api-v2\venv\Lib\site-packages\uvicorn\main.py", line 587, in run                                                                                          4|metatrader-api-prod  | 2025-10-01T20:23:32:     server.run()                                                                        4|metatrader-api-prod  | 2025-10-01T20:23:32:   File "C:\Users\Administrator\Desktop\metatrader-api-v2\metatrader-api-v2\venv\Lib\site-packages\uvicorn\server.py", line 61, in run                                                                                         4|metatrader-api-prod  | 2025-10-01T20:23:32:     return asyncio.run(self.serve(sockets=sockets))                                     4|metatrader-api-prod  | 2025-10-01T20:23:32:   File "C:\Users\Administrator\AppData\Local\Programs\Python\Python311\Lib\asyncio\runners.py", line 190, in run                                                                                                              4|metatrader-api-prod  | 2025-10-01T20:23:32:     return runner.run(main)                                                             4|metatrader-api-prod  | 2025-10-01T20:23:32:   File "C:\Users\Administrator\AppData\Local\Programs\Python\Python311\Lib\asyncio\runners.py", line 118, in run                                                                                                              4|metatrader-api-prod  | 2025-10-01T20:23:32:     return self._loop.run_until_complete(task)                                          4|metatrader-api-prod  | 2025-10-01T20:23:32:   File "C:\Users\Administrator\AppData\Local\Programs\Python\Python311\Lib\asyncio\base_events.py", line 641, in run_until_complete                                                                                           4|metatrader-api-prod  | 2025-10-01T20:23:32:     self.run_forever()                                                                  4|metatrader-api-prod  | 2025-10-01T20:23:32:   File "C:\Users\Administrator\AppData\Local\Programs\Python\Python311\Lib\asyncio\windows_events.py", line 321, in run_forever                                                                                               4|metatrader-api-prod  | 2025-10-01T20:23:32:     super().run_forever()                                                               4|metatrader-api-prod  | 2025-10-01T20:23:32:   File "C:\Users\Administrator\AppData\Local\Programs\Python\Python311\Lib\asyncio\base_events.py", line 608, in run_forever                                                                                                  4|metatrader-api-prod  | 2025-10-01T20:23:32:     self._run_once()                                                                    4|metatrader-api-prod  | 2025-10-01T20:23:32:   File "C:\Users\Administrator\AppData\Local\Programs\Python\Python311\Lib\asyncio\base_events.py", line 1936, in _run_once                                                                                                   4|metatrader-api-prod  | 2025-10-01T20:23:32:     handle._run()                                                                       4|metatrader-api-prod  | 2025-10-01T20:23:32:   File "C:\Users\Administrator\AppData\Local\Programs\Python\Python311\Lib\asyncio\events.py", line 84, in _run                                                                                                               4|metatrader-api-prod  | 2025-10-01T20:23:32:     self._context.run(self._callback, *self._args)                                      4|metatrader-api-prod  | 2025-10-01T20:23:32:   File "C:\Users\Administrator\Desktop\metatrader-api-v2\metatrader-api-v2\venv\Lib\site-packages\uvicorn\protocols\http\httptools_impl.py", line 426, in run_asgi                                                            4|metatrader-api-prod  | 2025-10-01T20:23:32:     result = await app(  # type: ignore[func-returns-value]                             4|metatrader-api-prod  | 2025-10-01T20:23:32:   File "C:\Users\Administrator\Desktop\metatrader-api-v2\metatrader-api-v2\venv\Lib\site-packages\uvicorn\middleware\proxy_headers.py", line 84, in __call__                                                                  4|metatrader-api-prod  | 2025-10-01T20:23:32:     return await self.app(scope, receive, send)                                         4|metatrader-api-prod  | 2025-10-01T20:23:32:   File "C:\Users\Administrator\Desktop\metatrader-api-v2\metatrader-api-v2\venv\Lib\site-packages\fastapi\applications.py", line 1106, in __call__                                                                            4|metatrader-api-prod  | 2025-10-01T20:23:32:     await super().__call__(scope, receive, send)                                        4|metatrader-api-prod  | 2025-10-01T20:23:32:   File "C:\Users\Administrator\Desktop\metatrader-api-v2\metatrader-api-v2\venv\Lib\site-packages\starlette\applications.py", line 122, in __call__                                                                           4|metatrader-api-prod  | 2025-10-01T20:23:32:     await self.middleware_stack(scope, receive, send)                                   4|metatrader-api-prod  | 2025-10-01T20:23:32:   File "C:\Users\Administrator\Desktop\metatrader-api-v2\metatrader-api-v2\venv\Lib\site-packages\starlette\middleware\errors.py", line 174, in __call__                                                                      4|metatrader-api-prod  | 2025-10-01T20:23:32:     response = await self.handler(request, exc)                                         4|metatrader-api-prod  | 2025-10-01T20:23:32:   File "C:\Users\Administrator\Desktop\metatrader-api-v2\metatrader-api-v2\src\main.py", line 1515, in general_exception_handler                                                                                              4|metatrader-api-prod  | 2025-10-01T20:23:32:     logger.error(                                                                       4|metatrader-api-prod  | 2025-10-01T20:23:32:   File "C:\Users\Administrator\Desktop\metatrader-api-v2\metatrader-api-v2\src\infrastructure\logging\structured_logger.py", line 138, in error                                                                               4|metatrader-api-prod  | 2025-10-01T20:23:32:     self.logger.error(message, exc_info=exc_info, extra=extra)                          4|metatrader-api-prod  | 2025-10-01T20:23:32: Message: 'Unhandled exception in API'                                                   4|metatrader-api-prod  | 2025-10-01T20:23:32: Arguments: ()                                                                           4|metatrader-api-prod  | 2025-10-01T20:23:32: --- Logging error ---                                                                   4|metatrader-api-prod  | 2025-10-01T20:23:32: Traceback (most recent call last):                                                      4|metatrader-api-prod  | 2025-10-01T20:23:32:   File "C:\Users\Administrator\Desktop\metatrader-api-v2\metatrader-api-v2\venv\Lib\site-packages\anyio\streams\memory.py", line 98, in receive                                                                               4|metatrader-api-prod  | 2025-10-01T20:23:32:     return self.receive_nowait()                                                        4|metatrader-api-prod  | 2025-10-01T20:23:32:            ^^^^^^^^^^^^^^^^^^^^^                                                        4|metatrader-api-prod  | 2025-10-01T20:23:32:   File "C:\Users\Administrator\Desktop\metatrader-api-v2\metatrader-api-v2\venv\Lib\site-packages\anyio\streams\memory.py", line 93, in receive_nowait                                                                        4|metatrader-api-prod  | 2025-10-01T20:23:32:     raise WouldBlock                                                                    4|metatrader-api-prod  | 2025-10-01T20:23:32: anyio.WouldBlock                                                                        4|metatrader-api-prod  | 2025-10-01T20:23:32:                                                                                         4|metatrader-api-prod  | 2025-10-01T20:23:32: During handling of the above exception, another exception occurred:                     4|metatrader-api-prod  | 2025-10-01T20:23:32:                                                                                         4|metatrader-api-prod  | 2025-10-01T20:23:32: Traceback (most recent call last):                                                      4|metatrader-api-prod  | 2025-10-01T20:23:32:   File "C:\Users\Administrator\Desktop\metatrader-api-v2\metatrader-api-v2\venv\Lib\site-packages\starlette\middleware\base.py", line 78, in call_next                                                                        4|metatrader-api-prod  | 2025-10-01T20:23:32:     message = await recv_stream.receive()                                               4|metatrader-api-prod  | 2025-10-01T20:23:32:               ^^^^^^^^^^^^^^^^^^^^^^^^^^^                                               4|metatrader-api-prod  | 2025-10-01T20:23:32:   File "C:\Users\Administrator\Desktop\metatrader-api-v2\metatrader-api-v2\venv\Lib\site-packages\anyio\streams\memory.py", line 118, in receive                                                                              4|metatrader-api-prod  | 2025-10-01T20:23:32:     raise EndOfStream                                                                   4|metatrader-api-prod  | 2025-10-01T20:23:32: anyio.EndOfStream                                                                       4|metatrader-api-prod  | 2025-10-01T20:23:32:                                                                                         4|metatrader-api-prod  | 2025-10-01T20:23:32: During handling of the above exception, another exception occurred:                     4|metatrader-api-prod  | 2025-10-01T20:23:32:                                                                                         4|metatrader-api-prod  | 2025-10-01T20:23:32: Traceback (most recent call last):                                                      4|metatrader-api-prod  | 2025-10-01T20:23:32:   File "C:\Users\Administrator\Desktop\metatrader-api-v2\metatrader-api-v2\venv\Lib\site-packages\starlette\middleware\errors.py", line 162, in __call__                                                                      4|metatrader-api-prod  | 2025-10-01T20:23:32:     await self.app(scope, receive, _send)                                               4|metatrader-api-prod  | 2025-10-01T20:23:32:   File "C:\Users\Administrator\Desktop\metatrader-api-v2\metatrader-api-v2\venv\Lib\site-packages\starlette\middleware\gzip.py", line 24, in __call__                                                                         4|metatrader-api-prod  | 2025-10-01T20:23:32:     await responder(scope, receive, send)                                               4|metatrader-api-prod  | 2025-10-01T20:23:32:   File "C:\Users\Administrator\Desktop\metatrader-api-v2\metatrader-api-v2\venv\Lib\site-packages\starlette\middleware\gzip.py", line 44, in __call__                                                                         4|metatrader-api-prod  | 2025-10-01T20:23:32:     await self.app(scope, receive, self.send_with_gzip)                                 4|metatrader-api-prod  | 2025-10-01T20:23:32:   File "C:\Users\Administrator\Desktop\metatrader-api-v2\metatrader-api-v2\venv\Lib\site-packages\starlette\middleware\base.py", line 108, in __call__                                                                        4|metatrader-api-prod  | 2025-10-01T20:23:32:     response = await self.dispatch_func(request, call_next)                             4|metatrader-api-prod  | 2025-10-01T20:23:32:                ^^^^^^^^^^^^^^^^^^^^^^^^^^^^^^^^^^^^^^^^^^^^                             4|metatrader-api-prod  | 2025-10-01T20:23:32:   File "C:\Users\Administrator\Desktop\metatrader-api-v2\metatrader-api-v2\src\infrastructure\middleware\security.py", line 272, in dispatch                                                                                  4|metatrader-api-prod  | 2025-10-01T20:23:32:     response = await call_next(request)                                                 4|metatrader-api-prod  | 2025-10-01T20:23:32:                ^^^^^^^^^^^^^^^^^^^^^^^^                                                 4|metatrader-api-prod  | 2025-10-01T20:23:32:   File "C:\Users\Administrator\Desktop\metatrader-api-v2\metatrader-api-v2\venv\Lib\site-packages\starlette\middleware\base.py", line 84, in call_next                                                                        4|metatrader-api-prod  | 2025-10-01T20:23:32:     raise app_exc                                                                       4|metatrader-api-prod  | 2025-10-01T20:23:32:   File "C:\Users\Administrator\Desktop\metatrader-api-v2\metatrader-api-v2\venv\Lib\site-packages\starlette\middleware\base.py", line 70, in coro                                                                             4|metatrader-api-prod  | 2025-10-01T20:23:32:     await self.app(scope, receive_or_disconnect, send_no_error)                         4|metatrader-api-prod  | 2025-10-01T20:23:32:   File "C:\Users\Administrator\Desktop\metatrader-api-v2\metatrader-api-v2\venv\Lib\site-packages\starlette\middleware\base.py", line 108, in __call__                                                                        4|metatrader-api-prod  | 2025-10-01T20:23:32:     response = await self.dispatch_func(request, call_next)                             4|metatrader-api-prod  | 2025-10-01T20:23:32:                ^^^^^^^^^^^^^^^^^^^^^^^^^^^^^^^^^^^^^^^^^^^^                             4|metatrader-api-prod  | 2025-10-01T20:23:32:   File "C:\Users\Administrator\Desktop\metatrader-api-v2\metatrader-api-v2\src\infrastructure\middleware\security.py", line 38, in dispatch                                                                                   4|metatrader-api-prod  | 2025-10-01T20:23:32:     response = await call_next(request)                                                 4|metatrader-api-prod  | 2025-10-01T20:23:32:                ^^^^^^^^^^^^^^^^^^^^^^^^                                                 4|metatrader-api-prod  | 2025-10-01T20:23:32:   File "C:\Users\Administrator\Desktop\metatrader-api-v2\metatrader-api-v2\venv\Lib\site-packages\starlette\middleware\base.py", line 84, in call_next                                                                        4|metatrader-api-prod  | 2025-10-01T20:23:32:     raise app_exc                                                                       4|metatrader-api-prod  | 2025-10-01T20:23:32:   File "C:\Users\Administrator\Desktop\metatrader-api-v2\metatrader-api-v2\venv\Lib\site-packages\starlette\middleware\base.py", line 70, in coro                                                                             4|metatrader-api-prod  | 2025-10-01T20:23:32:     await self.app(scope, receive_or_disconnect, send_no_error)                         4|metatrader-api-prod  | 2025-10-01T20:23:32:   File "C:\Users\Administrator\Desktop\metatrader-api-v2\metatrader-api-v2\venv\Lib\site-packages\starlette\middleware\cors.py", line 91, in __call__                                                                         4|metatrader-api-prod  | 2025-10-01T20:23:32:     await self.simple_response(scope, receive, send, request_headers=headers)           4|metatrader-api-prod  | 2025-10-01T20:23:32:   File "C:\Users\Administrator\Desktop\metatrader-api-v2\metatrader-api-v2\venv\Lib\site-packages\starlette\middleware\cors.py", line 146, in simple_response                                                                 4|metatrader-api-prod  | 2025-10-01T20:23:32:     await self.app(scope, receive, send)                                                4|metatrader-api-prod  | 2025-10-01T20:23:32:   File "C:\Users\Administrator\Desktop\metatrader-api-v2\metatrader-api-v2\venv\Lib\site-packages\starlette\middleware\base.py", line 108, in __call__                                                                        4|metatrader-api-prod  | 2025-10-01T20:23:32:     response = await self.dispatch_func(request, call_next)                             4|metatrader-api-prod  | 2025-10-01T20:23:32:                ^^^^^^^^^^^^^^^^^^^^^^^^^^^^^^^^^^^^^^^^^^^^                             4|metatrader-api-prod  | 2025-10-01T20:23:32:   File "C:\Users\Administrator\Desktop\metatrader-api-v2\metatrader-api-v2\src\infrastructure\middleware\security_enhanced.py", line 213, in dispatch                                                                         4|metatrader-api-prod  | 2025-10-01T20:23:32:     response = await call_next(request)                                                 4|metatrader-api-prod  | 2025-10-01T20:23:32:                ^^^^^^^^^^^^^^^^^^^^^^^^                                                 4|metatrader-api-prod  | 2025-10-01T20:23:32:   File "C:\Users\Administrator\Desktop\metatrader-api-v2\metatrader-api-v2\venv\Lib\site-packages\starlette\middleware\base.py", line 84, in call_next                                                                        4|metatrader-api-prod  | 2025-10-01T20:23:32:     raise app_exc                                                                       4|metatrader-api-prod  | 2025-10-01T20:23:32:   File "C:\Users\Administrator\Desktop\metatrader-api-v2\metatrader-api-v2\venv\Lib\site-packages\starlette\middleware\base.py", line 70, in coro                                                                             4|metatrader-api-prod  | 2025-10-01T20:23:32:     await self.app(scope, receive_or_disconnect, send_no_error)                         4|metatrader-api-prod  | 2025-10-01T20:23:32:   File "C:\Users\Administrator\Desktop\metatrader-api-v2\metatrader-api-v2\venv\Lib\site-packages\starlette\middleware\base.py", line 108, in __call__                                                                        4|metatrader-api-prod  | 2025-10-01T20:23:32:     response = await self.dispatch_func(request, call_next)                             4|metatrader-api-prod  | 2025-10-01T20:23:32:                ^^^^^^^^^^^^^^^^^^^^^^^^^^^^^^^^^^^^^^^^^^^^                             4|metatrader-api-prod  | 2025-10-01T20:23:32:   File "C:\Users\Administrator\Desktop\metatrader-api-v2\metatrader-api-v2\src\infrastructure\middleware\security_enhanced.py", line 88, in dispatch                                                                          4|metatrader-api-prod  | 2025-10-01T20:23:32:     return await call_next(request)                                                     4|metatrader-api-prod  | 2025-10-01T20:23:32:            ^^^^^^^^^^^^^^^^^^^^^^^^                                                     4|metatrader-api-prod  | 2025-10-01T20:23:32:   File "C:\Users\Administrator\Desktop\metatrader-api-v2\metatrader-api-v2\venv\Lib\site-packages\starlette\middleware\base.py", line 84, in call_next                                                                        4|metatrader-api-prod  | 2025-10-01T20:23:32:     raise app_exc                                                                       4|metatrader-api-prod  | 2025-10-01T20:23:32:   File "C:\Users\Administrator\Desktop\metatrader-api-v2\metatrader-api-v2\venv\Lib\site-packages\starlette\middleware\base.py", line 70, in coro                                                                             4|metatrader-api-prod  | 2025-10-01T20:23:32:     await self.app(scope, receive_or_disconnect, send_no_error)                         4|metatrader-api-prod  | 2025-10-01T20:23:32:   File "C:\Users\Administrator\Desktop\metatrader-api-v2\metatrader-api-v2\venv\Lib\site-packages\starlette\middleware\exceptions.py", line 79, in __call__                                                                   4|metatrader-api-prod  | 2025-10-01T20:23:32:     raise exc                                                                           4|metatrader-api-prod  | 2025-10-01T20:23:32:   File "C:\Users\Administrator\Desktop\metatrader-api-v2\metatrader-api-v2\venv\Lib\site-packages\starlette\middleware\exceptions.py", line 68, in __call__                                                                   4|metatrader-api-prod  | 2025-10-01T20:23:32:     await self.app(scope, receive, sender)                                              4|metatrader-api-prod  | 2025-10-01T20:23:32:   File "C:\Users\Administrator\Desktop\metatrader-api-v2\metatrader-api-v2\venv\Lib\site-packages\fastapi\middleware\asyncexitstack.py", line 20, in __call__                                                                 4|metatrader-api-prod  | 2025-10-01T20:23:32:     raise e                                                                             4|metatrader-api-prod  | 2025-10-01T20:23:32:   File "C:\Users\Administrator\Desktop\metatrader-api-v2\metatrader-api-v2\venv\Lib\site-packages\fastapi\middleware\asyncexitstack.py", line 17, in __call__                                                                 4|metatrader-api-prod  | 2025-10-01T20:23:32:     await self.app(scope, receive, send)                                                4|metatrader-api-prod  | 2025-10-01T20:23:32:   File "C:\Users\Administrator\Desktop\metatrader-api-v2\metatrader-api-v2\venv\Lib\site-packages\starlette\routing.py", line 718, in __call__                                                                                4|metatrader-api-prod  | 2025-10-01T20:23:32:     await route.handle(scope, receive, send)                                            4|metatrader-api-prod  | 2025-10-01T20:23:32:   File "C:\Users\Administrator\Desktop\metatrader-api-v2\metatrader-api-v2\venv\Lib\site-packages\starlette\routing.py", line 276, in handle                                                                                  4|metatrader-api-prod  | 2025-10-01T20:23:32:     await self.app(scope, receive, send)                                                4|metatrader-api-prod  | 2025-10-01T20:23:32:   File "C:\Users\Administrator\Desktop\metatrader-api-v2\metatrader-api-v2\venv\Lib\site-packages\starlette\routing.py", line 66, in app                                                                                      4|metatrader-api-prod  | 2025-10-01T20:23:32:     response = await func(request)                                                      4|metatrader-api-prod  | 2025-10-01T20:23:32:                ^^^^^^^^^^^^^^^^^^^                                                      4|metatrader-api-prod  | 2025-10-01T20:23:32:   File "C:\Users\Administrator\Desktop\metatrader-api-v2\metatrader-api-v2\venv\Lib\site-packages\fastapi\routing.py", line 274, in app                                                                                       4|metatrader-api-prod  | 2025-10-01T20:23:32:     raw_response = await run_endpoint_function(                                         4|metatrader-api-prod  | 2025-10-01T20:23:32:                    ^^^^^^^^^^^^^^^^^^^^^^^^^^^^                                         4|metatrader-api-prod  | 2025-10-01T20:23:32:   File "C:\Users\Administrator\Desktop\metatrader-api-v2\metatrader-api-v2\venv\Lib\site-packages\fastapi\routing.py", line 191, in run_endpoint_function                                                                     4|metatrader-api-prod  | 2025-10-01T20:23:32:     return await dependant.call(**values)                                               4|metatrader-api-prod  | 2025-10-01T20:23:32:            ^^^^^^^^^^^^^^^^^^^^^^^^^^^^^^                                               4|metatrader-api-prod  | 2025-10-01T20:23:32:   File "C:\Users\Administrator\Desktop\metatrader-api-v2\metatrader-api-v2\src\application\api\proxy_copypamm.py", line 63, in proxy_follow_master                                                                            4|metatrader-api-prod  | 2025-10-01T20:23:32:     print(f"\U0001f50d PROXY - Received body: {body}")                                  4|metatrader-api-prod  | 2025-10-01T20:23:32:   File "C:\Users\Administrator\AppData\Local\Programs\Python\Python311\Lib\encodings\cp1252.py", line 19, in encode                                                                                                           4|metatrader-api-prod  | 2025-10-01T20:23:32:     return codecs.charmap_encode(input,self.errors,encoding_table)[0]                   4|metatrader-api-prod  | 2025-10-01T20:23:32:            ^^^^^^^^^^^^^^^^^^^^^^^^^^^^^^^^^^^^^^^^^^^^^^^^^^^^^^^                      4|metatrader-api-prod  | 2025-10-01T20:23:32: UnicodeEncodeError: 'charmap' codec can't encode character '\U0001f50d' in position 0: character maps to <undefined>                                                                                                          4|metatrader-api-prod  | 2025-10-01T20:23:32:                                                                                         4|metatrader-api-prod  | 2025-10-01T20:23:32: During handling of the above exception, another exception occurred:                     4|metatrader-api-prod  | 2025-10-01T20:23:32:                                                                                         4|metatrader-api-prod  | 2025-10-01T20:23:32: Traceback (most recent call last):                                                      4|metatrader-api-prod  | 2025-10-01T20:23:32:   File "C:\Users\Administrator\AppData\Local\Programs\Python\Python311\Lib\logging\__init__.py", line 1113, in emit                                                                                                           4|metatrader-api-prod  | 2025-10-01T20:23:32:     stream.write(msg + self.terminator)                                                 4|metatrader-api-prod  | 2025-10-01T20:23:32:   File "C:\Users\Administrator\AppData\Local\Programs\Python\Python311\Lib\encodings\cp1252.py", line 19, in encode                                                                                                           4|metatrader-api-prod  | 2025-10-01T20:23:32:     return codecs.charmap_encode(input,self.errors,encoding_table)[0]                   4|metatrader-api-prod  | 2025-10-01T20:23:32:            ^^^^^^^^^^^^^^^^^^^^^^^^^^^^^^^^^^^^^^^^^^^^^^^^^^^^^^^                      4|metatrader-api-prod  | 2025-10-01T20:23:32: UnicodeEncodeError: 'charmap' codec can't encode character '\U0001f50d' in position 8674: character maps to <undefined>                                                                                                       4|metatrader-api-prod  | 2025-10-01T20:23:32: Call stack:                                                                             4|metatrader-api-prod  | 2025-10-01T20:23:32: INFO:     181.89.223.158:0 - "POST /api/v1/copy/follow HTTP/1.1" 500 Internal Server Error                                                                                                                                    4|metatrader-api-prod  | 2025-10-01T20:23:32:   File "C:\Users\Administrator\Desktop\metatrader-api-v2\metatrader-api-v2\start_enterprise_api.py", line 36, in <module>                                                                                                     4|metatrader-api-prod  | 2025-10-01T20:23:32:     uvicorn.run(                                                                        4|metatrader-api-prod  | 2025-10-01T20:23:32:   File "C:\Users\Administrator\Desktop\metatrader-api-v2\metatrader-api-v2\venv\Lib\site-packages\uvicorn\main.py", line 587, in run                                                                                          4|metatrader-api-prod  | 2025-10-01T20:23:32:     server.run()                                                                        4|metatrader-api-prod  | 2025-10-01T20:23:32:   File "C:\Users\Administrator\Desktop\metatrader-api-v2\metatrader-api-v2\venv\Lib\site-packages\uvicorn\server.py", line 61, in run                                                                                         4|metatrader-api-prod  | 2025-10-01T20:23:32:     return asyncio.run(self.serve(sockets=sockets))                                     4|metatrader-api-prod  | 2025-10-01T20:23:32:   File "C:\Users\Administrator\AppData\Local\Programs\Python\Python311\Lib\asyncio\runners.py", line 190, in run                                                                                                              4|metatrader-api-prod  | 2025-10-01T20:23:32:     return runner.run(main)                                                             4|metatrader-api-prod  | 2025-10-01T20:23:32:   File "C:\Users\Administrator\AppData\Local\Programs\Python\Python311\Lib\asyncio\runners.py", line 118, in run                                                                                                              4|metatrader-api-prod  | 2025-10-01T20:23:32:     return self._loop.run_until_complete(task)                                          4|metatrader-api-prod  | 2025-10-01T20:23:32:   File "C:\Users\Administrator\AppData\Local\Programs\Python\Python311\Lib\asyncio\base_events.py", line 641, in run_until_complete                                                                                           4|metatrader-api-prod  | 2025-10-01T20:23:32:     self.run_forever()                                                                  4|metatrader-api-prod  | 2025-10-01T20:23:32:   File "C:\Users\Administrator\AppData\Local\Programs\Python\Python311\Lib\asyncio\windows_events.py", line 321, in run_forever                                                                                               4|metatrader-api-prod  | 2025-10-01T20:23:32:     super().run_forever()                                                               4|metatrader-api-prod  | 2025-10-01T20:23:32:   File "C:\Users\Administrator\AppData\Local\Programs\Python\Python311\Lib\asyncio\base_events.py", line 608, in run_forever                                                                                                  4|metatrader-api-prod  | 2025-10-01T20:23:32:     self._run_once()                                                                    4|metatrader-api-prod  | 2025-10-01T20:23:32:   File "C:\Users\Administrator\AppData\Local\Programs\Python\Python311\Lib\asyncio\base_events.py", line 1936, in _run_once                                                                                                   4|metatrader-api-prod  | 2025-10-01T20:23:32:     handle._run()                                                                       4|metatrader-api-prod  | 2025-10-01T20:23:32:   File "C:\Users\Administrator\AppData\Local\Programs\Python\Python311\Lib\asyncio\events.py", line 84, in _run                                                                                                               4|metatrader-api-prod  | 2025-10-01T20:23:32:     self._context.run(self._callback, *self._args)                                      4|metatrader-api-prod  | 2025-10-01T20:23:32:   File "C:\Users\Administrator\Desktop\metatrader-api-v2\metatrader-api-v2\venv\Lib\site-packages\uvicorn\protocols\http\httptools_impl.py", line 426, in run_asgi                                                            4|metatrader-api-prod  | 2025-10-01T20:23:32:     result = await app(  # type: ignore[func-returns-value]                             4|metatrader-api-prod  | 2025-10-01T20:23:32:   File "C:\Users\Administrator\Desktop\metatrader-api-v2\metatrader-api-v2\venv\Lib\site-packages\uvicorn\middleware\proxy_headers.py", line 84, in __call__                                                                  4|metatrader-api-prod  | 2025-10-01T20:23:32:     return await self.app(scope, receive, send)                                         4|metatrader-api-prod  | 2025-10-01T20:23:32:   File "C:\Users\Administrator\Desktop\metatrader-api-v2\metatrader-api-v2\venv\Lib\site-packages\fastapi\applications.py", line 1106, in __call__                                                                            4|metatrader-api-prod  | 2025-10-01T20:23:32:     await super().__call__(scope, receive, send)                                        4|metatrader-api-prod  | 2025-10-01T20:23:32:   File "C:\Users\Administrator\Desktop\metatrader-api-v2\metatrader-api-v2\venv\Lib\site-packages\starlette\applications.py", line 122, in __call__                                                                           4|metatrader-api-prod  | 2025-10-01T20:23:32:     await self.middleware_stack(scope, receive, send)                                   4|metatrader-api-prod  | 2025-10-01T20:23:32:   File "C:\Users\Administrator\Desktop\metatrader-api-v2\metatrader-api-v2\venv\Lib\site-packages\starlette\middleware\errors.py", line 174, in __call__                                                                      4|metatrader-api-prod  | 2025-10-01T20:23:32:     response = await self.handler(request, exc)                                         4|metatrader-api-prod  | 2025-10-01T20:23:32:   File "C:\Users\Administrator\Desktop\metatrader-api-v2\metatrader-api-v2\src\main.py", line 1515, in general_exception_handler                                                                                              4|metatrader-api-prod  | 2025-10-01T20:23:32:     logger.error(                                                                       4|metatrader-api-prod  | 2025-10-01T20:23:32:   File "C:\Users\Administrator\Desktop\metatrader-api-v2\metatrader-api-v2\src\infrastructure\logging\structured_logger.py", line 138, in error                                                                               4|metatrader-api-prod  | 2025-10-01T20:23:32:     self.logger.error(message, exc_info=exc_info, extra=extra)                          4|metatrader-api-prod  | 2025-10-01T20:23:32: Message: 'Unhandled exception in API'                                                   4|metatrader-api-prod  | 2025-10-01T20:23:32: Arguments: ()                                                                           4|metatrader-api-prod  | 2025-10-01T20:23:32: ERROR:    Exception in ASGI application                                                 4|metatrader-api-prod  | 2025-10-01T20:23:32: Traceback (most recent call last):                                                      4|metatrader-api-prod  | 2025-10-01T20:23:32:   File "C:\Users\Administrator\Desktop\metatrader-api-v2\metatrader-api-v2\venv\Lib\site-packages\anyio\streams\memory.py", line 98, in receive                                                                               4|metatrader-api-prod  | 2025-10-01T20:23:32:     return self.receive_nowait()                                                        4|metatrader-api-prod  | 2025-10-01T20:23:32:            ^^^^^^^^^^^^^^^^^^^^^                                                        4|metatrader-api-prod  | 2025-10-01T20:23:32:   File "C:\Users\Administrator\Desktop\metatrader-api-v2\metatrader-api-v2\venv\Lib\site-packages\anyio\streams\memory.py", line 93, in receive_nowait                                                                        4|metatrader-api-prod  | 2025-10-01T20:23:32:     raise WouldBlock                                                                    4|metatrader-api-prod  | 2025-10-01T20:23:32: anyio.WouldBlock                                                                        4|metatrader-api-prod  | 2025-10-01T20:23:32:                                                                                         4|metatrader-api-prod  | 2025-10-01T20:23:32: During handling of the above exception, another exception occurred:                     4|metatrader-api-prod  | 2025-10-01T20:23:32:                                                                                         4|metatrader-api-prod  | 2025-10-01T20:23:32: Traceback (most recent call last):                                                      4|metatrader-api-prod  | 2025-10-01T20:23:32:   File "C:\Users\Administrator\Desktop\metatrader-api-v2\metatrader-api-v2\venv\Lib\site-packages\starlette\middleware\base.py", line 78, in call_next                                                                        4|metatrader-api-prod  | 2025-10-01T20:23:32:     message = await recv_stream.receive()                                               4|metatrader-api-prod  | 2025-10-01T20:23:32:               ^^^^^^^^^^^^^^^^^^^^^^^^^^^                                               4|metatrader-api-prod  | 2025-10-01T20:23:32:   File "C:\Users\Administrator\Desktop\metatrader-api-v2\metatrader-api-v2\venv\Lib\site-packages\anyio\streams\memory.py", line 118, in receive                                                                              4|metatrader-api-prod  | 2025-10-01T20:23:32:     raise EndOfStream                                                                   4|metatrader-api-prod  | 2025-10-01T20:23:32: anyio.EndOfStream                                                                       4|metatrader-api-prod  | 2025-10-01T20:23:32:                                                                                         4|metatrader-api-prod  | 2025-10-01T20:23:32: During handling of the above exception, another exception occurred:                     4|metatrader-api-prod  | 2025-10-01T20:23:32:                                                                                         4|metatrader-api-prod  | 2025-10-01T20:23:32: Traceback (most recent call last):                                                      4|metatrader-api-prod  | 2025-10-01T20:23:32:   File "C:\Users\Administrator\Desktop\metatrader-api-v2\metatrader-api-v2\venv\Lib\site-packages\uvicorn\protocols\http\httptools_impl.py", line 426, in run_asgi                                                            4|metatrader-api-prod  | 2025-10-01T20:23:32:     result = await app(  # type: ignore[func-returns-value]                             4|metatrader-api-prod  | 2025-10-01T20:23:32:              ^^^^^^^^^^^^^^^^^^^^^^^^^^^^^^^^^^^^^^^^^^^^^^                             4|metatrader-api-prod  | 2025-10-01T20:23:32:   File "C:\Users\Administrator\Desktop\metatrader-api-v2\metatrader-api-v2\venv\Lib\site-packages\uvicorn\middleware\proxy_headers.py", line 84, in __call__                                                                  4|metatrader-api-prod  | 2025-10-01T20:23:32:     return await self.app(scope, receive, send)                                         4|metatrader-api-prod  | 2025-10-01T20:23:32:            ^^^^^^^^^^^^^^^^^^^^^^^^^^^^^^^^^^^^                                         4|metatrader-api-prod  | 2025-10-01T20:23:32:   File "C:\Users\Administrator\Desktop\metatrader-api-v2\metatrader-api-v2\venv\Lib\site-packages\fastapi\applications.py", line 1106, in __call__                                                                            4|metatrader-api-prod  | 2025-10-01T20:23:32:     await super().__call__(scope, receive, send)                                        4|metatrader-api-prod  | 2025-10-01T20:23:32:   File "C:\Users\Administrator\Desktop\metatrader-api-v2\metatrader-api-v2\venv\Lib\site-packages\starlette\applications.py", line 122, in __call__                                                                           4|metatrader-api-prod  | 2025-10-01T20:23:32:     await self.middleware_stack(scope, receive, send)                                   4|metatrader-api-prod  | 2025-10-01T20:23:32:   File "C:\Users\Administrator\Desktop\metatrader-api-v2\metatrader-api-v2\venv\Lib\site-packages\starlette\middleware\errors.py", line 184, in __call__                                                                      4|metatrader-api-prod  | 2025-10-01T20:23:32:     raise exc                                                                           4|metatrader-api-prod  | 2025-10-01T20:23:32:   File "C:\Users\Administrator\Desktop\metatrader-api-v2\metatrader-api-v2\venv\Lib\site-packages\starlette\middleware\errors.py", line 162, in __call__                                                                      4|metatrader-api-prod  | 2025-10-01T20:23:32:     await self.app(scope, receive, _send)                                               4|metatrader-api-prod  | 2025-10-01T20:23:32:   File "C:\Users\Administrator\Desktop\metatrader-api-v2\metatrader-api-v2\venv\Lib\site-packages\starlette\middleware\gzip.py", line 24, in __call__                                                                         4|metatrader-api-prod  | 2025-10-01T20:23:32:     await responder(scope, receive, send)                                               4|metatrader-api-prod  | 2025-10-01T20:23:32:   File "C:\Users\Administrator\Desktop\metatrader-api-v2\metatrader-api-v2\venv\Lib\site-packages\starlette\middleware\gzip.py", line 44, in __call__                                                                         4|metatrader-api-prod  | 2025-10-01T20:23:32:     await self.app(scope, receive, self.send_with_gzip)                                 4|metatrader-api-prod  | 2025-10-01T20:23:32:   File "C:\Users\Administrator\Desktop\metatrader-api-v2\metatrader-api-v2\venv\Lib\site-packages\starlette\middleware\base.py", line 108, in __call__                                                                        4|metatrader-api-prod  | 2025-10-01T20:23:32:     response = await self.dispatch_func(request, call_next)                             4|metatrader-api-prod  | 2025-10-01T20:23:32:                ^^^^^^^^^^^^^^^^^^^^^^^^^^^^^^^^^^^^^^^^^^^^                             4|metatrader-api-prod  | 2025-10-01T20:23:32:   File "C:\Users\Administrator\Desktop\metatrader-api-v2\metatrader-api-v2\src\infrastructure\middleware\security.py", line 272, in dispatch                                                                                  4|metatrader-api-prod  | 2025-10-01T20:23:32:     response = await call_next(request)                                                 4|metatrader-api-prod  | 2025-10-01T20:23:32:                ^^^^^^^^^^^^^^^^^^^^^^^^                                                 4|metatrader-api-prod  | 2025-10-01T20:23:32:   File "C:\Users\Administrator\Desktop\metatrader-api-v2\metatrader-api-v2\venv\Lib\site-packages\starlette\middleware\base.py", line 84, in call_next                                                                        4|metatrader-api-prod  | 2025-10-01T20:23:32:     raise app_exc                                                                       4|metatrader-api-prod  | 2025-10-01T20:23:32:   File "C:\Users\Administrator\Desktop\metatrader-api-v2\metatrader-api-v2\venv\Lib\site-packages\starlette\middleware\base.py", line 70, in coro                                                                             4|metatrader-api-prod  | 2025-10-01T20:23:32:     await self.app(scope, receive_or_disconnect, send_no_error)                         4|metatrader-api-prod  | 2025-10-01T20:23:32:   File "C:\Users\Administrator\Desktop\metatrader-api-v2\metatrader-api-v2\venv\Lib\site-packages\starlette\middleware\base.py", line 108, in __call__                                                                        4|metatrader-api-prod  | 2025-10-01T20:23:32:     response = await self.dispatch_func(request, call_next)                             4|metatrader-api-prod  | 2025-10-01T20:23:32:                ^^^^^^^^^^^^^^^^^^^^^^^^^^^^^^^^^^^^^^^^^^^^                             4|metatrader-api-prod  | 2025-10-01T20:23:32:   File "C:\Users\Administrator\Desktop\metatrader-api-v2\metatrader-api-v2\src\infrastructure\middleware\security.py", line 38, in dispatch                                                                                   4|metatrader-api-prod  | 2025-10-01T20:23:32:     response = await call_next(request)                                                 4|metatrader-api-prod  | 2025-10-01T20:23:32:                ^^^^^^^^^^^^^^^^^^^^^^^^                                                 4|metatrader-api-prod  | 2025-10-01T20:23:32:   File "C:\Users\Administrator\Desktop\metatrader-api-v2\metatrader-api-v2\venv\Lib\site-packages\starlette\middleware\base.py", line 84, in call_next                                                                        4|metatrader-api-prod  | 2025-10-01T20:23:32:     raise app_exc                                                                       4|metatrader-api-prod  | 2025-10-01T20:23:32:   File "C:\Users\Administrator\Desktop\metatrader-api-v2\metatrader-api-v2\venv\Lib\site-packages\starlette\middleware\base.py", line 70, in coro                                                                             4|metatrader-api-prod  | 2025-10-01T20:23:32:     await self.app(scope, receive_or_disconnect, send_no_error)                         4|metatrader-api-prod  | 2025-10-01T20:23:32:   File "C:\Users\Administrator\Desktop\metatrader-api-v2\metatrader-api-v2\venv\Lib\site-packages\starlette\middleware\cors.py", line 91, in __call__                                                                         4|metatrader-api-prod  | 2025-10-01T20:23:32:     await self.simple_response(scope, receive, send, request_headers=headers)           4|metatrader-api-prod  | 2025-10-01T20:23:32:   File "C:\Users\Administrator\Desktop\metatrader-api-v2\metatrader-api-v2\venv\Lib\site-packages\starlette\middleware\cors.py", line 146, in simple_response                                                                 4|metatrader-api-prod  | 2025-10-01T20:23:32:     await self.app(scope, receive, send)                                                4|metatrader-api-prod  | 2025-10-01T20:23:32:   File "C:\Users\Administrator\Desktop\metatrader-api-v2\metatrader-api-v2\venv\Lib\site-packages\starlette\middleware\base.py", line 108, in __call__                                                                        4|metatrader-api-prod  | 2025-10-01T20:23:32:     response = await self.dispatch_func(request, call_next)                             4|metatrader-api-prod  | 2025-10-01T20:23:32:                ^^^^^^^^^^^^^^^^^^^^^^^^^^^^^^^^^^^^^^^^^^^^                             4|metatrader-api-prod  | 2025-10-01T20:23:32:   File "C:\Users\Administrator\Desktop\metatrader-api-v2\metatrader-api-v2\src\infrastructure\middleware\security_enhanced.py", line 213, in dispatch                                                                         4|metatrader-api-prod  | 2025-10-01T20:23:32:     response = await call_next(request)                                                 4|metatrader-api-prod  | 2025-10-01T20:23:32:                ^^^^^^^^^^^^^^^^^^^^^^^^                                                 4|metatrader-api-prod  | 2025-10-01T20:23:32:   File "C:\Users\Administrator\Desktop\metatrader-api-v2\metatrader-api-v2\venv\Lib\site-packages\starlette\middleware\base.py", line 84, in call_next                                                                        4|metatrader-api-prod  | 2025-10-01T20:23:32:     raise app_exc                                                                       4|metatrader-api-prod  | 2025-10-01T20:23:32:   File "C:\Users\Administrator\Desktop\metatrader-api-v2\metatrader-api-v2\venv\Lib\site-packages\starlette\middleware\base.py", line 70, in coro                                                                             4|metatrader-api-prod  | 2025-10-01T20:23:32:     await self.app(scope, receive_or_disconnect, send_no_error)                         4|metatrader-api-prod  | 2025-10-01T20:23:32:   File "C:\Users\Administrator\Desktop\metatrader-api-v2\metatrader-api-v2\venv\Lib\site-packages\starlette\middleware\base.py", line 108, in __call__                                                                        4|metatrader-api-prod  | 2025-10-01T20:23:32:     response = await self.dispatch_func(request, call_next)                             4|metatrader-api-prod  | 2025-10-01T20:23:32:                ^^^^^^^^^^^^^^^^^^^^^^^^^^^^^^^^^^^^^^^^^^^^                             4|metatrader-api-prod  | 2025-10-01T20:23:32:   File "C:\Users\Administrator\Desktop\metatrader-api-v2\metatrader-api-v2\src\infrastructure\middleware\security_enhanced.py", line 88, in dispatch                                                                          4|metatrader-api-prod  | 2025-10-01T20:23:32:     return await call_next(request)                                                     4|metatrader-api-prod  | 2025-10-01T20:23:32:            ^^^^^^^^^^^^^^^^^^^^^^^^                                                     4|metatrader-api-prod  | 2025-10-01T20:23:32:   File "C:\Users\Administrator\Desktop\metatrader-api-v2\metatrader-api-v2\venv\Lib\site-packages\starlette\middleware\base.py", line 84, in call_next                                                                        4|metatrader-api-prod  | 2025-10-01T20:23:32:     raise app_exc                                                                       4|metatrader-api-prod  | 2025-10-01T20:23:32:   File "C:\Users\Administrator\Desktop\metatrader-api-v2\metatrader-api-v2\venv\Lib\site-packages\starlette\middleware\base.py", line 70, in coro                                                                             4|metatrader-api-prod  | 2025-10-01T20:23:32:     await self.app(scope, receive_or_disconnect, send_no_error)                         4|metatrader-api-prod  | 2025-10-01T20:23:32:   File "C:\Users\Administrator\Desktop\metatrader-api-v2\metatrader-api-v2\venv\Lib\site-packages\starlette\middleware\exceptions.py", line 79, in __call__                                                                   4|metatrader-api-prod  | 2025-10-01T20:23:32:     raise exc                                                                           4|metatrader-api-prod  | 2025-10-01T20:23:32:   File "C:\Users\Administrator\Desktop\metatrader-api-v2\metatrader-api-v2\venv\Lib\site-packages\starlette\middleware\exceptions.py", line 68, in __call__                                                                   4|metatrader-api-prod  | 2025-10-01T20:23:32:     await self.app(scope, receive, sender)                                              4|metatrader-api-prod  | 2025-10-01T20:23:32:   File "C:\Users\Administrator\Desktop\metatrader-api-v2\metatrader-api-v2\venv\Lib\site-packages\fastapi\middleware\asyncexitstack.py", line 20, in __call__                                                                 4|metatrader-api-prod  | 2025-10-01T20:23:32:     raise e                                                                             4|metatrader-api-prod  | 2025-10-01T20:23:32:   File "C:\Users\Administrator\Desktop\metatrader-api-v2\metatrader-api-v2\venv\Lib\site-packages\fastapi\middleware\asyncexitstack.py", line 17, in __call__                                                                 4|metatrader-api-prod  | 2025-10-01T20:23:32:     await self.app(scope, receive, send)                                                4|metatrader-api-prod  | 2025-10-01T20:23:32:   File "C:\Users\Administrator\Desktop\metatrader-api-v2\metatrader-api-v2\venv\Lib\site-packages\starlette\routing.py", line 718, in __call__                                                                                4|metatrader-api-prod  | 2025-10-01T20:23:32:     await route.handle(scope, receive, send)                                            4|metatrader-api-prod  | 2025-10-01T20:23:32:   File "C:\Users\Administrator\Desktop\metatrader-api-v2\metatrader-api-v2\venv\Lib\site-packages\starlette\routing.py", line 276, in handle                                                                                  4|metatrader-api-prod  | 2025-10-01T20:23:32:     await self.app(scope, receive, send)                                                4|metatrader-api-prod  | 2025-10-01T20:23:32:   File "C:\Users\Administrator\Desktop\metatrader-api-v2\metatrader-api-v2\venv\Lib\site-packages\starlette\routing.py", line 66, in app                                                                                      4|metatrader-api-prod  | 2025-10-01T20:23:32:     response = await func(request)                                                      4|metatrader-api-prod  | 2025-10-01T20:23:32:                ^^^^^^^^^^^^^^^^^^^                                                      4|metatrader-api-prod  | 2025-10-01T20:23:32:   File "C:\Users\Administrator\Desktop\metatrader-api-v2\metatrader-api-v2\venv\Lib\site-packages\fastapi\routing.py", line 274, in app                                                                                       4|metatrader-api-prod  | 2025-10-01T20:23:32:     raw_response = await run_endpoint_function(                                         4|metatrader-api-prod  | 2025-10-01T20:23:32:                    ^^^^^^^^^^^^^^^^^^^^^^^^^^^^                                         4|metatrader-api-prod  | 2025-10-01T20:23:32:   File "C:\Users\Administrator\Desktop\metatrader-api-v2\metatrader-api-v2\venv\Lib\site-packages\fastapi\routing.py", line 191, in run_endpoint_function                                                                     4|metatrader-api-prod  | 2025-10-01T20:23:32:     return await dependant.call(**values)                                               4|metatrader-api-prod  | 2025-10-01T20:23:32:            ^^^^^^^^^^^^^^^^^^^^^^^^^^^^^^                                               4|metatrader-api-prod  | 2025-10-01T20:23:32:   File "C:\Users\Administrator\Desktop\metatrader-api-v2\metatrader-api-v2\src\application\api\proxy_copypamm.py", line 63, in proxy_follow_master                                                                            4|metatrader-api-prod  | 2025-10-01T20:23:32:     print(f"\U0001f50d PROXY - Received body: {body}")                                  4|metatrader-api-prod  | 2025-10-01T20:23:32:   File "C:\Users\Administrator\AppData\Local\Programs\Python\Python311\Lib\encodings\cp1252.py", line 19, in encode                                                                                                           4|metatrader-api-prod  | 2025-10-01T20:23:32:     return codecs.charmap_encode(input,self.errors,encoding_table)[0]                   4|metatrader-api-prod  | 2025-10-01T20:23:32:            ^^^^^^^^^^^^^^^^^^^^^^^^^^^^^^^^^^^^^^^^^^^^^^^^^^^^^^^                      4|metatrader-api-prod  | 2025-10-01T20:23:32: UnicodeEncodeError: 'charmap' codec can't encode character '\U0001f50d' in position 0: character maps to <undefined>      

copypamm logs:

py-pamm-api  | [2025-10-01T23:22:59.217Z]  Buscando nuevas operaciones para replicar...                                         1|copy-pamm-api  |  No se encontraron relaciones de copia activas.                                                                  1|copy-pamm-api  | [2025-10-01T23:23:14.218Z]  Buscando nuevas operaciones para replicar...                                         1|copy-pamm-api  |  No se encontraron relaciones de copia activas.                                                                  1|copy-pamm-api  | [20:23:25.176] INFO (1112): ::1 - - [01/Oct/2025:23:23:25 +0000] "GET /api/v1/copy/portfolio HTTP/1.1" 200 152 "-" "python-httpx/0.28.1"                                                                                                                 1|copy-pamm-api  | [20:23:25.296] INFO (1112): ::1 - - [01/Oct/2025:23:23:25 +0000] "GET /api/v1/copy/subscriptions HTTP/1.1" 200 2 "-" "python-httpx/0.28.1"                                                                                                               1|copy-pamm-api  | [20:23:25.300] INFO (1112): ::1 - - [01/Oct/2025:23:23:25 +0000] "GET /api/v1/copy/masters HTTP/1.1" 200 - "-" "python-httpx/0.28.1"                                                                                                                     1|copy-pamm-api  | [2025-10-01T23:23:29.220Z]  Buscando nuevas operaciones para replicar...                                         1|copy-pamm-api  |  No se encontraron relaciones de copia activas.                                                                  1|copy-pamm-api  | [2025-10-01T23:23:44.221Z]  Buscando nuevas operaciones para replicar...                                         1|copy-pamm-api  |  No se encontraron relaciones de copia activas.                                                                  1|copy-pamm-api  | [2025-10-01T23:23:59.221Z]  Buscando nuevas operaciones para replicar...                                         1|copy-pamm-api  |  No se encontraron relaciones de copia activas.                                     

consola navegador: 

index-Dy6mi0PU.js:944 Copiando trader: mrlurk
index-Dy6mi0PU.js:944 Account selected in combined modal: {id: '30bda73b-ac6e-442d-9dbc-dde2ea20312d', user_id: '7a5a56a9-c71d-48d0-b66a-400de84b829b', account_number: '101290', account_name: 'Alets', account_type: 'Real',}
index-Dy6mi0PU.js:944 Combined modal confirm - trader: {id: 'dfe5c068-bddf-419d-b816-08303dd276ea', name: 'mrlurk', avatar: '/Avatar1.png', monthlyPerformance: 0, riskLevel: 'Moderado',}
index-Dy6mi0PU.js:944 Combined modal confirm - account: {id: '30bda73b-ac6e-442d-9dbc-dde2ea20312d', user_id: '7a5a56a9-c71d-48d0-b66a-400de84b829b', account_number: '101290', account_name: 'Alets', account_type: 'Real',}
index-Dy6mi0PU.js:944 Combined modal confirm - formData: {capitalAsignado: 5000, porcentajeRiesgo: 5, limitePerdida: 1000, limiteGanancia: 10000, copiarTodas: true,}
index-Dy6mi0PU.js:944 Fetching full trader profile for ID: dfe5c068-bddf-419d-b816-08303dd276ea
index-Dy6mi0PU.js:944 Debug - Full trader profile from DB: {id: 'dfe5c068-bddf-419d-b816-08303dd276ea', username: 'mrlurk', email: 'leonagustp@gmail.com', full_name: null, role: 'admin',}
index-Dy6mi0PU.js:944 Debug - trader profile master_config: {markets: Array(1), max_risk: 10, created_at: '2025-10-01T00:00:11.587Z', description: 'ddddddddddddddddddddddddddddddddd', min_capital: 100,}
index-Dy6mi0PU.js:944 Debug - Extracted masterMt5Account from profile: 101308
index-Dy6mi0PU.js:944 Debug - Request parameters being sent to backend: {master_user_id: 'dfe5c068-bddf-419d-b816-08303dd276ea', master_mt5_account_id: '101308', follower_mt5_account_id: '101290', risk_ratio: 1}
index-Dy6mi0PU.js:944 Using Supabase token: eyJhbGciOiJIUzI1NiIs...
dashboard:1 Access to XMLHttpRequest at 'https://apekapital.com:444/api/v1/copy/follow' from origin 'https://broker-agm.netlify.app' has been blocked by CORS policy: No 'Access-Control-Allow-Origin' header is present on the requested resource.
index-Dy6mi0PU.js:944  Error al copiar trader: {error: 'Error de red o del servidor'}
v @ index-Dy6mi0PU.js:944
await in v
mE @ index-Dy6mi0PU.js:48
(anonymous) @ index-Dy6mi0PU.js:48
Ze @ index-Dy6mi0PU.js:48
c0 @ index-Dy6mi0PU.js:48
j0 @ index-Dy6mi0PU.js:49
qz @ index-Dy6mi0PU.js:49
index-Dy6mi0PU.js:69  POST https://apekapital.com:444/api/v1/copy/follow net::ERR_FAILED 500 (Internal Server Error)
(anonymous) @ index-Dy6mi0PU.js:69
xhr @ index-Dy6mi0PU.js:69
Pk @ index-Dy6mi0PU.js:71
Promise.then
_request @ index-Dy6mi0PU.js:72
request @ index-Dy6mi0PU.js:71
(anonymous) @ index-Dy6mi0PU.js:72
(anonymous) @ index-Dy6mi0PU.js:67
n2e @ index-Dy6mi0PU.js:944
v @ index-Dy6mi0PU.js:944
await in v
mE @ index-Dy6mi0PU.js:48
(anonymous) @ index-Dy6mi0PU.js:48
Ze @ index-Dy6mi0PU.js:48
c0 @ index-Dy6mi0PU.js:48
j0 @ index-Dy6mi0PU.js:49
qz @ index-Dy6mi0PU.js:49
index-Dy6mi0PU.js:51 [2025-10-01T23:24:25.711Z] INFO: [CHAT_CONTEXT] Subscription status: CHANNEL_ERROR
index-Dy6mi0PU.js:51 [2025-10-01T23:24:25.711Z] ERROR: [CHAT_CONTEXT] Channel error/closed - attempting to reconnect 
error @ index-Dy6mi0PU.js:51
(anonymous) @ index-Dy6mi0PU.js:859
(anonymous) @ index-Dy6mi0PU.js:51
(anonymous) @ index-Dy6mi0PU.js:51
(anonymous) @ index-Dy6mi0PU.js:51
_trigger @ index-Dy6mi0PU.js:51
(anonymous) @ index-Dy6mi0PU.js:56
_triggerChanError @ index-Dy6mi0PU.js:56
_onConnClose @ index-Dy6mi0PU.js:56
conn.conn.onclose @ index-Dy6mi0PU.js:56

